c:\users\ave\documents\visual studio 2013\projects\learn\untitled2\untitled2\win32\debug\vc120.pdb
c:\users\ave\documents\visual studio 2013\projects\learn\untitled2\untitled2\win32\debug\untitled2.obj
c:\users\ave\documents\visual studio 2013\projects\learn\untitled2\untitled2\win32\debug\main.obj
c:\users\ave\documents\visual studio 2013\projects\learn\untitled2\untitled2\win32\debug\moc_untitled2.obj
c:\users\ave\documents\visual studio 2013\projects\learn\untitled2\untitled2\win32\debug\moc_calibration.obj
c:\users\ave\documents\visual studio 2013\projects\learn\untitled2\untitled2\win32\debug\moc_acquisition.obj
c:\users\ave\documents\visual studio 2013\projects\learn\untitled2\untitled2\win32\debug\calibration.obj
c:\users\ave\documents\visual studio 2013\projects\learn\untitled2\untitled2\win32\debug\acquisition.obj
c:\users\ave\documents\visual studio 2013\projects\learn\untitled2\untitled2\win32\debug\qrc_untitled2.obj
c:\users\ave\documents\visual studio 2013\projects\learn\untitled2\untitled2\generatedfiles\debug\moc_acquisition.cpp
c:\users\ave\documents\visual studio 2013\projects\learn\untitled2\untitled2\generatedfiles\debug\moc_calibration.cpp
c:\users\ave\documents\visual studio 2013\projects\learn\untitled2\untitled2\generatedfiles\debug\moc_untitled2.cpp
c:\users\ave\documents\visual studio 2013\projects\learn\untitled2\untitled2\generatedfiles\qrc_untitled2.cpp
c:\users\ave\documents\visual studio 2013\projects\learn\untitled2\untitled2\generatedfiles\ui_untitled2.h
c:\users\ave\documents\visual studio 2013\projects\learn\untitled2\win32\debug\untitled2.ilk
c:\users\ave\documents\visual studio 2013\projects\learn\untitled2\win32\debug\untitled2.exe
c:\users\ave\documents\visual studio 2013\projects\learn\untitled2\win32\debug\untitled2.pdb
c:\users\ave\documents\visual studio 2013\projects\learn\untitled2\untitled2\win32\debug\untitled2.res
c:\users\ave\documents\visual studio 2013\projects\learn\untitled2\untitled2\win32\debug\acquisition.nativecodeanalysis.xml
c:\users\ave\documents\visual studio 2013\projects\learn\untitled2\untitled2\win32\debug\calibration.nativecodeanalysis.xml
c:\users\ave\documents\visual studio 2013\projects\learn\untitled2\untitled2\win32\debug\moc_acquisition.nativecodeanalysis.xml
c:\users\ave\documents\visual studio 2013\projects\learn\untitled2\untitled2\win32\debug\moc_calibration.nativecodeanalysis.xml
c:\users\ave\documents\visual studio 2013\projects\learn\untitled2\untitled2\..\win32\debug\untitled2.exe
c:\users\ave\documents\visual studio 2013\projects\learn\untitled2\untitled2\win32\debug\untitled2.tlog\cl.command.1.tlog
c:\users\ave\documents\visual studio 2013\projects\learn\untitled2\untitled2\win32\debug\untitled2.tlog\cl.read.1.tlog
c:\users\ave\documents\visual studio 2013\projects\learn\untitled2\untitled2\win32\debug\untitled2.tlog\cl.write.1.tlog
c:\users\ave\documents\visual studio 2013\projects\learn\untitled2\untitled2\win32\debug\untitled2.tlog\custombuild.command.1.tlog
c:\users\ave\documents\visual studio 2013\projects\learn\untitled2\untitled2\win32\debug\untitled2.tlog\custombuild.read.1.tlog
c:\users\ave\documents\visual studio 2013\projects\learn\untitled2\untitled2\win32\debug\untitled2.tlog\custombuild.write.1.tlog
c:\users\ave\documents\visual studio 2013\projects\learn\untitled2\untitled2\win32\debug\untitled2.tlog\link.command.1.tlog
c:\users\ave\documents\visual studio 2013\projects\learn\untitled2\untitled2\win32\debug\untitled2.tlog\link.read.1.tlog
c:\users\ave\documents\visual studio 2013\projects\learn\untitled2\untitled2\win32\debug\untitled2.tlog\link.write.1.tlog
c:\users\ave\documents\visual studio 2013\projects\learn\untitled2\untitled2\win32\debug\untitled2.tlog\rc.command.1.tlog
c:\users\ave\documents\visual studio 2013\projects\learn\untitled2\untitled2\win32\debug\untitled2.tlog\rc.read.1.tlog
c:\users\ave\documents\visual studio 2013\projects\learn\untitled2\untitled2\win32\debug\untitled2.tlog\rc.write.1.tlog
