  Moc'ing acquisition.h...
  Moc'ing calibration.h...
  Moc'ing untitled2.h...
  Uic'ing untitled2.ui...
  Rcc'ing untitled2.qrc...
RCC : warning : No resources in 'C:\Users\Ave\Documents\Visual Studio 2013\Projects\learn\untitled2\untitled2\untitled2.qrc'.
  
  acquisition.cpp
c:\users\ave\documents\visual studio 2013\projects\learn\untitled2\untitled2\acquisition.h(5): fatal error C1083: Impossibile aprire il file inclusione 'NIDAQmx.h': No such file or directory
  calibration.cpp
  moc_acquisition.cpp
c:\users\ave\documents\visual studio 2013\projects\learn\untitled2\untitled2\generatedfiles\release\../../acquisition.h(5): fatal error C1083: Impossibile aprire il file inclusione 'NIDAQmx.h': No such file or directory
  moc_calibration.cpp
  moc_untitled2.cpp
c:\users\ave\documents\visual studio 2013\projects\learn\untitled2\untitled2\generatedfiles\release\../../untitled2.h(6): fatal error C1083: Impossibile aprire il file inclusione 'NIDAQmx.h': No such file or directory
  main.cpp
c:\users\ave\documents\visual studio 2013\projects\learn\untitled2\untitled2\untitled2.h(6): fatal error C1083: Impossibile aprire il file inclusione 'NIDAQmx.h': No such file or directory
  untitled2.cpp
c:\users\ave\documents\visual studio 2013\projects\learn\untitled2\untitled2\untitled2.h(6): fatal error C1083: Impossibile aprire il file inclusione 'NIDAQmx.h': No such file or directory
  Esecuzione dell'analisi codice per C/C++ in corso...
  Generazione del codice in corso...
